<?xml version="1.0" encoding="UTF-8"?>
<testng-results ignored="0" total="9" passed="7" failed="2" skipped="0">
  <reporter-output>
  </reporter-output>
  <suite started-at="2024-04-24T14:34:38 IDT" name="Web Suite" finished-at="2024-04-24T14:36:01 IDT" duration-ms="83449">
    <groups>
    </groups>
    <test started-at="2024-04-24T14:34:38 IDT" name="Web Tests" finished-at="2024-04-24T14:36:01 IDT" duration-ms="83449">
      <class name="sanity.ShopDemo">
        <test-method is-config="true" signature="startSession(java.lang.String)[pri:0, instance:sanity.ShopDemo@7d37f1c]" started-at="2024-04-24T14:34:38 IDT" name="startSession" finished-at="2024-04-24T14:35:03 IDT" duration-ms="25151" status="PASS">
          <params>
            <param index="0">
              <value>
                <![CDATA[web]]>
              </value>
            </param>
          </params>
          <reporter-output>
          </reporter-output>
        </test-method> <!-- startSession -->
        <test-method is-config="true" signature="beforeMethod(java.lang.reflect.Method)[pri:0, instance:sanity.ShopDemo@7d37f1c]" started-at="2024-04-24T14:35:03 IDT" name="beforeMethod" finished-at="2024-04-24T14:35:03 IDT" duration-ms="293" status="PASS">
          <params>
            <param index="0">
              <value>
                <![CDATA[public void sanity.ShopDemo.test01_verifySearchForSpecificProduct(java.lang.String,java.lang.String)]]>
              </value>
            </param>
          </params>
          <reporter-output>
          </reporter-output>
        </test-method> <!-- beforeMethod -->
        <test-method signature="test01_verifySearchForSpecificProduct(java.lang.String,java.lang.String)[pri:0, instance:sanity.ShopDemo@7d37f1c]" started-at="2024-04-24T14:35:04 IDT" name="test01_verifySearchForSpecificProduct" description="Test01 - Verify search for a specific product" data-provider="specificProductData" finished-at="2024-04-24T14:35:09 IDT" duration-ms="5034" status="PASS">
          <params>
            <param index="0">
              <value>
                <![CDATA[Anchor Bracelet]]>
              </value>
            </param>
            <param index="1">
              <value>
                <![CDATA[Anchor Bracelet]]>
              </value>
            </param>
          </params>
          <reporter-output>
          </reporter-output>
        </test-method> <!-- test01_verifySearchForSpecificProduct -->
        <test-method is-config="true" signature="afterMethod()[pri:0, instance:sanity.ShopDemo@7d37f1c]" started-at="2024-04-24T14:35:09 IDT" name="afterMethod" finished-at="2024-04-24T14:35:09 IDT" duration-ms="109" status="PASS">
          <reporter-output>
          </reporter-output>
        </test-method> <!-- afterMethod -->
        <test-method is-config="true" signature="beforeMethod(java.lang.reflect.Method)[pri:0, instance:sanity.ShopDemo@7d37f1c]" started-at="2024-04-24T14:35:09 IDT" name="beforeMethod" finished-at="2024-04-24T14:35:09 IDT" duration-ms="115" status="PASS">
          <params>
            <param index="0">
              <value>
                <![CDATA[public void sanity.ShopDemo.test01_verifySearchForSpecificProduct(java.lang.String,java.lang.String)]]>
              </value>
            </param>
          </params>
          <reporter-output>
          </reporter-output>
        </test-method> <!-- beforeMethod -->
        <test-method signature="test01_verifySearchForSpecificProduct(java.lang.String,java.lang.String)[pri:0, instance:sanity.ShopDemo@7d37f1c]" started-at="2024-04-24T14:35:09 IDT" name="test01_verifySearchForSpecificProduct" description="Test01 - Verify search for a specific product" data-provider="specificProductData" finished-at="2024-04-24T14:35:18 IDT" duration-ms="8948" status="PASS">
          <params>
            <param index="0">
              <value>
                <![CDATA[ATID Yellow Shoes]]>
              </value>
            </param>
            <param index="1">
              <value>
                <![CDATA[ATID Yellow Shoes]]>
              </value>
            </param>
          </params>
          <reporter-output>
          </reporter-output>
        </test-method> <!-- test01_verifySearchForSpecificProduct -->
        <test-method is-config="true" signature="afterMethod()[pri:0, instance:sanity.ShopDemo@7d37f1c]" started-at="2024-04-24T14:35:19 IDT" name="afterMethod" finished-at="2024-04-24T14:35:20 IDT" duration-ms="1020" status="PASS">
          <reporter-output>
          </reporter-output>
        </test-method> <!-- afterMethod -->
        <test-method is-config="true" signature="beforeMethod(java.lang.reflect.Method)[pri:0, instance:sanity.ShopDemo@7d37f1c]" started-at="2024-04-24T14:35:20 IDT" name="beforeMethod" finished-at="2024-04-24T14:35:20 IDT" duration-ms="241" status="PASS">
          <params>
            <param index="0">
              <value>
                <![CDATA[public void sanity.ShopDemo.test02_SearchForKeywordAndVerifyProductsCount(java.lang.String,java.lang.String)]]>
              </value>
            </param>
          </params>
          <reporter-output>
          </reporter-output>
        </test-method> <!-- beforeMethod -->
        <test-method signature="test02_SearchForKeywordAndVerifyProductsCount(java.lang.String,java.lang.String)[pri:0, instance:sanity.ShopDemo@7d37f1c]" started-at="2024-04-24T14:35:20 IDT" name="test02_SearchForKeywordAndVerifyProductsCount" description="Test02 - Verify search for a keyword and validate the number of products in the results" data-provider="searchKeywordData" finished-at="2024-04-24T14:35:32 IDT" duration-ms="12326" status="PASS">
          <params>
            <param index="0">
              <value>
                <![CDATA[shoes]]>
              </value>
            </param>
            <param index="1">
              <value>
                <![CDATA[5]]>
              </value>
            </param>
          </params>
          <reporter-output>
          </reporter-output>
        </test-method> <!-- test02_SearchForKeywordAndVerifyProductsCount -->
        <test-method is-config="true" signature="afterMethod()[pri:0, instance:sanity.ShopDemo@7d37f1c]" started-at="2024-04-24T14:35:32 IDT" name="afterMethod" finished-at="2024-04-24T14:35:33 IDT" duration-ms="526" status="PASS">
          <reporter-output>
          </reporter-output>
        </test-method> <!-- afterMethod -->
        <test-method is-config="true" signature="beforeMethod(java.lang.reflect.Method)[pri:0, instance:sanity.ShopDemo@7d37f1c]" started-at="2024-04-24T14:35:33 IDT" name="beforeMethod" finished-at="2024-04-24T14:35:33 IDT" duration-ms="19" status="PASS">
          <params>
            <param index="0">
              <value>
                <![CDATA[public void sanity.ShopDemo.test02_SearchForKeywordAndVerifyProductsCount(java.lang.String,java.lang.String)]]>
              </value>
            </param>
          </params>
          <reporter-output>
          </reporter-output>
        </test-method> <!-- beforeMethod -->
        <test-method signature="test02_SearchForKeywordAndVerifyProductsCount(java.lang.String,java.lang.String)[pri:0, instance:sanity.ShopDemo@7d37f1c]" started-at="2024-04-24T14:35:33 IDT" name="test02_SearchForKeywordAndVerifyProductsCount" description="Test02 - Verify search for a keyword and validate the number of products in the results" data-provider="searchKeywordData" finished-at="2024-04-24T14:35:36 IDT" duration-ms="3065" status="PASS">
          <params>
            <param index="0">
              <value>
                <![CDATA[jeans]]>
              </value>
            </param>
            <param index="1">
              <value>
                <![CDATA[7]]>
              </value>
            </param>
          </params>
          <reporter-output>
          </reporter-output>
        </test-method> <!-- test02_SearchForKeywordAndVerifyProductsCount -->
        <test-method is-config="true" signature="afterMethod()[pri:0, instance:sanity.ShopDemo@7d37f1c]" started-at="2024-04-24T14:35:36 IDT" name="afterMethod" finished-at="2024-04-24T14:35:37 IDT" duration-ms="483" status="PASS">
          <reporter-output>
          </reporter-output>
        </test-method> <!-- afterMethod -->
        <test-method is-config="true" signature="beforeMethod(java.lang.reflect.Method)[pri:0, instance:sanity.ShopDemo@7d37f1c]" started-at="2024-04-24T14:35:37 IDT" name="beforeMethod" finished-at="2024-04-24T14:35:37 IDT" duration-ms="23" status="PASS">
          <params>
            <param index="0">
              <value>
                <![CDATA[public void sanity.ShopDemo.test03_verifyAboutAtidText()]]>
              </value>
            </param>
          </params>
          <reporter-output>
          </reporter-output>
        </test-method> <!-- beforeMethod -->
        <test-method signature="test03_verifyAboutAtidText()[pri:0, instance:sanity.ShopDemo@7d37f1c]" started-at="2024-04-24T14:35:37 IDT" name="test03_verifyAboutAtidText" description="Test03 - Verify About Atid Text" finished-at="2024-04-24T14:35:38 IDT" duration-ms="1346" status="FAIL">
          <exception class="java.lang.AssertionError">
            <message>
              <![CDATA[expected [ATID Demo Store was created by ATID College dedicated employees. This is a complete demo site for practicing QA & Test Automation methodologies. Don't think for a second you can actually buy here something cause you can't ! This Demo Store contains software bugs which were put intentionally and your job is to locate them Good luck folks, Yoni Flenner - ATID College] but found [ATID Demo Store was created by ATID College dedicated employees. This is a complete demo site for practicing QA & Test Automation methodologies. Don't think for a second you can actually buy here something cause you can't ! This Demo Store contains software bugs which were put intentionally and your job is to locate them Good luck falks, Yoni Flenner - ATID College]]]>
            </message>
            <full-stacktrace>
              <![CDATA[java.lang.AssertionError: expected [ATID Demo Store was created by ATID College dedicated employees. This is a complete demo site for practicing QA & Test Automation methodologies. Don't think for a second you can actually buy here something cause you can't ! This Demo Store contains software bugs which were put intentionally and your job is to locate them Good luck folks, Yoni Flenner - ATID College] but found [ATID Demo Store was created by ATID College dedicated employees. This is a complete demo site for practicing QA & Test Automation methodologies. Don't think for a second you can actually buy here something cause you can't ! This Demo Store contains software bugs which were put intentionally and your job is to locate them Good luck falks, Yoni Flenner - ATID College]
at org.testng.Assert.fail(Assert.java:99)
at org.testng.Assert.failNotEquals(Assert.java:1037)
at org.testng.Assert.assertEqualsImpl(Assert.java:140)
at org.testng.Assert.assertEquals(Assert.java:122)
at org.testng.Assert.assertEquals(Assert.java:629)
at org.testng.Assert.assertEquals(Assert.java:639)
at extensions.Verifications.verifyTextInElement(Verifications.java:31)
at sanity.ShopDemo.test03_verifyAboutAtidText(ShopDemo.java:40)
at java.base/jdk.internal.reflect.NativeMethodAccessorImpl.invoke0(Native Method)
at java.base/jdk.internal.reflect.NativeMethodAccessorImpl.invoke(NativeMethodAccessorImpl.java:62)
at java.base/jdk.internal.reflect.DelegatingMethodAccessorImpl.invoke(DelegatingMethodAccessorImpl.java:43)
at java.base/java.lang.reflect.Method.invoke(Method.java:566)
at org.testng.internal.MethodInvocationHelper.invokeMethod(MethodInvocationHelper.java:133)
at org.testng.internal.TestInvoker.invokeMethod(TestInvoker.java:598)
at org.testng.internal.TestInvoker.invokeTestMethod(TestInvoker.java:173)
at org.testng.internal.MethodRunner.runInSequence(MethodRunner.java:46)
at org.testng.internal.TestInvoker$MethodInvocationAgent.invoke(TestInvoker.java:824)
at org.testng.internal.TestInvoker.invokeTestMethods(TestInvoker.java:146)
at org.testng.internal.TestMethodWorker.invokeTestMethods(TestMethodWorker.java:146)
at org.testng.internal.TestMethodWorker.run(TestMethodWorker.java:128)
at java.base/java.util.ArrayList.forEach(ArrayList.java:1541)
at org.testng.TestRunner.privateRun(TestRunner.java:794)
at org.testng.TestRunner.run(TestRunner.java:596)
at org.testng.SuiteRunner.runTest(SuiteRunner.java:377)
at org.testng.SuiteRunner.runSequentially(SuiteRunner.java:371)
at org.testng.SuiteRunner.privateRun(SuiteRunner.java:332)
at org.testng.SuiteRunner.run(SuiteRunner.java:276)
at org.testng.SuiteRunnerWorker.runSuite(SuiteRunnerWorker.java:53)
at org.testng.SuiteRunnerWorker.run(SuiteRunnerWorker.java:96)
at org.testng.TestNG.runSuitesSequentially(TestNG.java:1212)
at org.testng.TestNG.runSuitesLocally(TestNG.java:1134)
at org.testng.TestNG.runSuites(TestNG.java:1063)
at org.testng.TestNG.run(TestNG.java:1031)
at org.apache.maven.surefire.testng.TestNGExecutor.run(TestNGExecutor.java:283)
at org.apache.maven.surefire.testng.TestNGXmlTestSuite.execute(TestNGXmlTestSuite.java:75)
at org.apache.maven.surefire.testng.TestNGProvider.invoke(TestNGProvider.java:120)
at org.apache.maven.surefire.booter.ForkedBooter.invokeProviderInSameClassLoader(ForkedBooter.java:384)
at org.apache.maven.surefire.booter.ForkedBooter.runSuitesInProcess(ForkedBooter.java:345)
at org.apache.maven.surefire.booter.ForkedBooter.execute(ForkedBooter.java:126)
at org.apache.maven.surefire.booter.ForkedBooter.main(ForkedBooter.java:418)
]]>
            </full-stacktrace>
          </exception> <!-- java.lang.AssertionError -->
          <reporter-output>
          </reporter-output>
        </test-method> <!-- test03_verifyAboutAtidText -->
        <test-method is-config="true" signature="afterMethod()[pri:0, instance:sanity.ShopDemo@7d37f1c]" started-at="2024-04-24T14:35:39 IDT" name="afterMethod" finished-at="2024-04-24T14:35:39 IDT" duration-ms="618" status="PASS">
          <reporter-output>
          </reporter-output>
        </test-method> <!-- afterMethod -->
        <test-method is-config="true" signature="beforeMethod(java.lang.reflect.Method)[pri:0, instance:sanity.ShopDemo@7d37f1c]" started-at="2024-04-24T14:35:39 IDT" name="beforeMethod" finished-at="2024-04-24T14:35:39 IDT" duration-ms="15" status="PASS">
          <params>
            <param index="0">
              <value>
                <![CDATA[public void sanity.ShopDemo.test04_verifyProductImage()]]>
              </value>
            </param>
          </params>
          <reporter-output>
          </reporter-output>
        </test-method> <!-- beforeMethod -->
        <test-method signature="test04_verifyProductImage()[pri:0, instance:sanity.ShopDemo@7d37f1c]" started-at="2024-04-24T14:35:39 IDT" name="test04_verifyProductImage" description="Test04 - Verify product Image" finished-at="2024-04-24T14:35:45 IDT" duration-ms="5623" status="PASS">
          <reporter-output>
          </reporter-output>
        </test-method> <!-- test04_verifyProductImage -->
        <test-method is-config="true" signature="afterMethod()[pri:0, instance:sanity.ShopDemo@7d37f1c]" started-at="2024-04-24T14:35:45 IDT" name="afterMethod" finished-at="2024-04-24T14:35:46 IDT" duration-ms="695" status="PASS">
          <reporter-output>
          </reporter-output>
        </test-method> <!-- afterMethod -->
        <test-method is-config="true" signature="beforeMethod(java.lang.reflect.Method)[pri:0, instance:sanity.ShopDemo@7d37f1c]" started-at="2024-04-24T14:35:46 IDT" name="beforeMethod" finished-at="2024-04-24T14:35:46 IDT" duration-ms="36" status="PASS">
          <params>
            <param index="0">
              <value>
                <![CDATA[public void sanity.ShopDemo.test05_verifyHighestProductPrice()]]>
              </value>
            </param>
          </params>
          <reporter-output>
          </reporter-output>
        </test-method> <!-- beforeMethod -->
        <test-method signature="test05_verifyHighestProductPrice()[pri:0, instance:sanity.ShopDemo@7d37f1c]" started-at="2024-04-24T14:35:46 IDT" name="test05_verifyHighestProductPrice" description="Test05 - Verify Highest Product Price" finished-at="2024-04-24T14:35:49 IDT" duration-ms="3447" status="FAIL">
          <exception class="java.lang.AssertionError">
            <message>
              <![CDATA[expected [true] but found [false]]]>
            </message>
            <full-stacktrace>
              <![CDATA[java.lang.AssertionError: expected [true] but found [false]
at org.testng.Assert.fail(Assert.java:99)
at org.testng.Assert.failNotEquals(Assert.java:1037)
at org.testng.Assert.assertTrue(Assert.java:45)
at org.testng.Assert.assertTrue(Assert.java:55)
at extensions.Verifications.verifyTextContainedInElement(Verifications.java:110)
at sanity.ShopDemo.test05_verifyHighestProductPrice(ShopDemo.java:58)
at java.base/jdk.internal.reflect.NativeMethodAccessorImpl.invoke0(Native Method)
at java.base/jdk.internal.reflect.NativeMethodAccessorImpl.invoke(NativeMethodAccessorImpl.java:62)
at java.base/jdk.internal.reflect.DelegatingMethodAccessorImpl.invoke(DelegatingMethodAccessorImpl.java:43)
at java.base/java.lang.reflect.Method.invoke(Method.java:566)
at org.testng.internal.MethodInvocationHelper.invokeMethod(MethodInvocationHelper.java:133)
at org.testng.internal.TestInvoker.invokeMethod(TestInvoker.java:598)
at org.testng.internal.TestInvoker.invokeTestMethod(TestInvoker.java:173)
at org.testng.internal.MethodRunner.runInSequence(MethodRunner.java:46)
at org.testng.internal.TestInvoker$MethodInvocationAgent.invoke(TestInvoker.java:824)
at org.testng.internal.TestInvoker.invokeTestMethods(TestInvoker.java:146)
at org.testng.internal.TestMethodWorker.invokeTestMethods(TestMethodWorker.java:146)
at org.testng.internal.TestMethodWorker.run(TestMethodWorker.java:128)
at java.base/java.util.ArrayList.forEach(ArrayList.java:1541)
at org.testng.TestRunner.privateRun(TestRunner.java:794)
at org.testng.TestRunner.run(TestRunner.java:596)
at org.testng.SuiteRunner.runTest(SuiteRunner.java:377)
at org.testng.SuiteRunner.runSequentially(SuiteRunner.java:371)
at org.testng.SuiteRunner.privateRun(SuiteRunner.java:332)
at org.testng.SuiteRunner.run(SuiteRunner.java:276)
at org.testng.SuiteRunnerWorker.runSuite(SuiteRunnerWorker.java:53)
at org.testng.SuiteRunnerWorker.run(SuiteRunnerWorker.java:96)
at org.testng.TestNG.runSuitesSequentially(TestNG.java:1212)
at org.testng.TestNG.runSuitesLocally(TestNG.java:1134)
at org.testng.TestNG.runSuites(TestNG.java:1063)
at org.testng.TestNG.run(TestNG.java:1031)
at org.apache.maven.surefire.testng.TestNGExecutor.run(TestNGExecutor.java:283)
at org.apache.maven.surefire.testng.TestNGXmlTestSuite.execute(TestNGXmlTestSuite.java:75)
at org.apache.maven.surefire.testng.TestNGProvider.invoke(TestNGProvider.java:120)
at org.apache.maven.surefire.booter.ForkedBooter.invokeProviderInSameClassLoader(ForkedBooter.java:384)
at org.apache.maven.surefire.booter.ForkedBooter.runSuitesInProcess(ForkedBooter.java:345)
at org.apache.maven.surefire.booter.ForkedBooter.execute(ForkedBooter.java:126)
at org.apache.maven.surefire.booter.ForkedBooter.main(ForkedBooter.java:418)
]]>
            </full-stacktrace>
          </exception> <!-- java.lang.AssertionError -->
          <reporter-output>
          </reporter-output>
        </test-method> <!-- test05_verifyHighestProductPrice -->
        <test-method is-config="true" signature="afterMethod()[pri:0, instance:sanity.ShopDemo@7d37f1c]" started-at="2024-04-24T14:35:50 IDT" name="afterMethod" finished-at="2024-04-24T14:35:50 IDT" duration-ms="562" status="PASS">
          <reporter-output>
          </reporter-output>
        </test-method> <!-- afterMethod -->
        <test-method is-config="true" signature="beforeMethod(java.lang.reflect.Method)[pri:0, instance:sanity.ShopDemo@7d37f1c]" started-at="2024-04-24T14:35:50 IDT" name="beforeMethod" finished-at="2024-04-24T14:35:50 IDT" duration-ms="19" status="PASS">
          <params>
            <param index="0">
              <value>
                <![CDATA[public void sanity.ShopDemo.test06_verifyDetailsOfProductAddedToCart() throws java.lang.Exception]]>
              </value>
            </param>
          </params>
          <reporter-output>
          </reporter-output>
        </test-method> <!-- beforeMethod -->
        <test-method signature="test06_verifyDetailsOfProductAddedToCart()[pri:0, instance:sanity.ShopDemo@7d37f1c]" started-at="2024-04-24T14:35:50 IDT" name="test06_verifyDetailsOfProductAddedToCart" description="Test06 - Verify Details Of Product Added To Cart" finished-at="2024-04-24T14:35:58 IDT" duration-ms="7593" status="PASS">
          <reporter-output>
          </reporter-output>
        </test-method> <!-- test06_verifyDetailsOfProductAddedToCart -->
        <test-method is-config="true" signature="afterMethod()[pri:0, instance:sanity.ShopDemo@7d37f1c]" started-at="2024-04-24T14:35:58 IDT" name="afterMethod" finished-at="2024-04-24T14:35:58 IDT" duration-ms="564" status="PASS">
          <reporter-output>
          </reporter-output>
        </test-method> <!-- afterMethod -->
        <test-method is-config="true" signature="beforeMethod(java.lang.reflect.Method)[pri:0, instance:sanity.ShopDemo@7d37f1c]" started-at="2024-04-24T14:35:58 IDT" name="beforeMethod" finished-at="2024-04-24T14:35:58 IDT" duration-ms="22" status="PASS">
          <params>
            <param index="0">
              <value>
                <![CDATA[public void sanity.ShopDemo.test07_verifySearchProductsElementLocation()]]>
              </value>
            </param>
          </params>
          <reporter-output>
          </reporter-output>
        </test-method> <!-- beforeMethod -->
        <test-method signature="test07_verifySearchProductsElementLocation()[pri:0, instance:sanity.ShopDemo@7d37f1c]" started-at="2024-04-24T14:35:58 IDT" name="test07_verifySearchProductsElementLocation" description="Test07 - Verify Search Products Element Location" finished-at="2024-04-24T14:36:00 IDT" duration-ms="1490" status="PASS">
          <reporter-output>
          </reporter-output>
        </test-method> <!-- test07_verifySearchProductsElementLocation -->
        <test-method is-config="true" signature="afterMethod()[pri:0, instance:sanity.ShopDemo@7d37f1c]" started-at="2024-04-24T14:36:00 IDT" name="afterMethod" finished-at="2024-04-24T14:36:01 IDT" duration-ms="506" status="PASS">
          <reporter-output>
          </reporter-output>
        </test-method> <!-- afterMethod -->
        <test-method is-config="true" signature="closeSession()[pri:0, instance:sanity.ShopDemo@7d37f1c]" started-at="2024-04-24T14:36:01 IDT" name="closeSession" finished-at="2024-04-24T14:36:01 IDT" duration-ms="650" status="PASS">
          <reporter-output>
          </reporter-output>
        </test-method> <!-- closeSession -->
      </class> <!-- sanity.ShopDemo -->
    </test> <!-- Web Tests -->
  </suite> <!-- Web Suite -->
</testng-results>
