<?xml version="1.0" encoding="UTF-8"?>
<!-- Generated by org.testng.reporters.JUnitReportReporter -->
<testsuite hostname="DESKTOP-DHGB96Q" failures="2" tests="9" name="sanity.ShopDemo" time="63.085" errors="0" timestamp="2024-04-13T18:03:45 IDT" skipped="0">
  <testcase classname="sanity.ShopDemo" name="test02_SearchForKeywordAndVerifyProductsCount" time="4.602"/>
  <system-out/>
  <testcase classname="sanity.ShopDemo" name="test05_verifyHighestProductPrice" time="2.383">
    <failure message="expected [true] but found [false]" type="java.lang.AssertionError">
      <![CDATA[java.lang.AssertionError: expected [true] but found [false]
at org.testng.Assert.fail(Assert.java:99)
at org.testng.Assert.failNotEquals(Assert.java:1037)
at org.testng.Assert.assertTrue(Assert.java:45)
at org.testng.Assert.assertTrue(Assert.java:55)
at extensions.Verifications.verifyTextContainedInElement(Verifications.java:110)
at sanity.ShopDemo.test05_verifyHighestProductPrice(ShopDemo.java:64)
at java.base/jdk.internal.reflect.NativeMethodAccessorImpl.invoke0(Native Method)
at java.base/jdk.internal.reflect.NativeMethodAccessorImpl.invoke(NativeMethodAccessorImpl.java:62)
at java.base/jdk.internal.reflect.DelegatingMethodAccessorImpl.invoke(DelegatingMethodAccessorImpl.java:43)
at java.base/java.lang.reflect.Method.invoke(Method.java:566)
at org.testng.internal.MethodInvocationHelper.invokeMethod(MethodInvocationHelper.java:133)
at org.testng.internal.TestInvoker.invokeMethod(TestInvoker.java:598)
at org.testng.internal.TestInvoker.invokeTestMethod(TestInvoker.java:173)
at org.testng.internal.MethodRunner.runInSequence(MethodRunner.java:46)
at org.testng.internal.TestInvoker$MethodInvocationAgent.invoke(TestInvoker.java:824)
at org.testng.internal.TestInvoker.invokeTestMethods(TestInvoker.java:146)
at org.testng.internal.TestMethodWorker.invokeTestMethods(TestMethodWorker.java:146)
at org.testng.internal.TestMethodWorker.run(TestMethodWorker.java:128)
at java.base/java.util.ArrayList.forEach(ArrayList.java:1541)
at org.testng.TestRunner.privateRun(TestRunner.java:794)
at org.testng.TestRunner.run(TestRunner.java:596)
at org.testng.SuiteRunner.runTest(SuiteRunner.java:377)
at org.testng.SuiteRunner.runSequentially(SuiteRunner.java:371)
at org.testng.SuiteRunner.privateRun(SuiteRunner.java:332)
at org.testng.SuiteRunner.run(SuiteRunner.java:276)
at org.testng.SuiteRunnerWorker.runSuite(SuiteRunnerWorker.java:53)
at org.testng.SuiteRunnerWorker.run(SuiteRunnerWorker.java:96)
at org.testng.TestNG.runSuitesSequentially(TestNG.java:1212)
at org.testng.TestNG.runSuitesLocally(TestNG.java:1134)
at org.testng.TestNG.runSuites(TestNG.java:1063)
at org.testng.TestNG.run(TestNG.java:1031)
at org.apache.maven.surefire.testng.TestNGExecutor.run(TestNGExecutor.java:283)
at org.apache.maven.surefire.testng.TestNGXmlTestSuite.execute(TestNGXmlTestSuite.java:75)
at org.apache.maven.surefire.testng.TestNGProvider.invoke(TestNGProvider.java:120)
at org.apache.maven.surefire.booter.ForkedBooter.invokeProviderInSameClassLoader(ForkedBooter.java:384)
at org.apache.maven.surefire.booter.ForkedBooter.runSuitesInProcess(ForkedBooter.java:345)
at org.apache.maven.surefire.booter.ForkedBooter.execute(ForkedBooter.java:126)
at org.apache.maven.surefire.booter.ForkedBooter.main(ForkedBooter.java:418)
]]>
    </failure>
  </testcase> <!-- test05_verifyHighestProductPrice -->
  <system-out/>
  <testcase classname="sanity.ShopDemo" name="test07_verifySearchProductsElementLocation" time="2.887"/>
  <system-out/>
  <testcase classname="sanity.ShopDemo" name="test01_verifySearchForSpecificProduct" time="11.002"/>
  <system-out/>
  <testcase classname="sanity.ShopDemo" name="test04_verifyProductImage" time="11.953"/>
  <system-out/>
  <testcase classname="sanity.ShopDemo" name="test03_verifyAboutAtidText" time="1.913">
    <failure message="expected [ATID Demo Store was created by ATID College dedicated employees. This is a complete demo site for practicing QA &amp; Test Automation methodologies. Don&#039;t think for a second you can actually buy here something cause you can&#039;t ! This Demo Store contains software bugs which were put intentionally and your job is to locate them Good luck folks, Yoni Flenner - ATID College] but found [ATID Demo Store was created by ATID College dedicated employees. This is a complete demo site for practicing QA &amp; Test Automation methodologies. Don&#039;t think for a second you can actually buy here something cause you can&#039;t ! This Demo Store contains software bugs which were put intentionally and your job is to locate them Good luck falks, Yoni Flenner - ATID College]" type="java.lang.AssertionError">
      <![CDATA[java.lang.AssertionError: expected [ATID Demo Store was created by ATID College dedicated employees. This is a complete demo site for practicing QA & Test Automation methodologies. Don't think for a second you can actually buy here something cause you can't ! This Demo Store contains software bugs which were put intentionally and your job is to locate them Good luck folks, Yoni Flenner - ATID College] but found [ATID Demo Store was created by ATID College dedicated employees. This is a complete demo site for practicing QA & Test Automation methodologies. Don't think for a second you can actually buy here something cause you can't ! This Demo Store contains software bugs which were put intentionally and your job is to locate them Good luck falks, Yoni Flenner - ATID College]
at org.testng.Assert.fail(Assert.java:99)
at org.testng.Assert.failNotEquals(Assert.java:1037)
at org.testng.Assert.assertEqualsImpl(Assert.java:140)
at org.testng.Assert.assertEquals(Assert.java:122)
at org.testng.Assert.assertEquals(Assert.java:629)
at org.testng.Assert.assertEquals(Assert.java:639)
at extensions.Verifications.verifyTextInElement(Verifications.java:31)
at sanity.ShopDemo.test03_verifyAboutAtidText(ShopDemo.java:44)
at java.base/jdk.internal.reflect.NativeMethodAccessorImpl.invoke0(Native Method)
at java.base/jdk.internal.reflect.NativeMethodAccessorImpl.invoke(NativeMethodAccessorImpl.java:62)
at java.base/jdk.internal.reflect.DelegatingMethodAccessorImpl.invoke(DelegatingMethodAccessorImpl.java:43)
at java.base/java.lang.reflect.Method.invoke(Method.java:566)
at org.testng.internal.MethodInvocationHelper.invokeMethod(MethodInvocationHelper.java:133)
at org.testng.internal.TestInvoker.invokeMethod(TestInvoker.java:598)
at org.testng.internal.TestInvoker.invokeTestMethod(TestInvoker.java:173)
at org.testng.internal.MethodRunner.runInSequence(MethodRunner.java:46)
at org.testng.internal.TestInvoker$MethodInvocationAgent.invoke(TestInvoker.java:824)
at org.testng.internal.TestInvoker.invokeTestMethods(TestInvoker.java:146)
at org.testng.internal.TestMethodWorker.invokeTestMethods(TestMethodWorker.java:146)
at org.testng.internal.TestMethodWorker.run(TestMethodWorker.java:128)
at java.base/java.util.ArrayList.forEach(ArrayList.java:1541)
at org.testng.TestRunner.privateRun(TestRunner.java:794)
at org.testng.TestRunner.run(TestRunner.java:596)
at org.testng.SuiteRunner.runTest(SuiteRunner.java:377)
at org.testng.SuiteRunner.runSequentially(SuiteRunner.java:371)
at org.testng.SuiteRunner.privateRun(SuiteRunner.java:332)
at org.testng.SuiteRunner.run(SuiteRunner.java:276)
at org.testng.SuiteRunnerWorker.runSuite(SuiteRunnerWorker.java:53)
at org.testng.SuiteRunnerWorker.run(SuiteRunnerWorker.java:96)
at org.testng.TestNG.runSuitesSequentially(TestNG.java:1212)
at org.testng.TestNG.runSuitesLocally(TestNG.java:1134)
at org.testng.TestNG.runSuites(TestNG.java:1063)
at org.testng.TestNG.run(TestNG.java:1031)
at org.apache.maven.surefire.testng.TestNGExecutor.run(TestNGExecutor.java:283)
at org.apache.maven.surefire.testng.TestNGXmlTestSuite.execute(TestNGXmlTestSuite.java:75)
at org.apache.maven.surefire.testng.TestNGProvider.invoke(TestNGProvider.java:120)
at org.apache.maven.surefire.booter.ForkedBooter.invokeProviderInSameClassLoader(ForkedBooter.java:384)
at org.apache.maven.surefire.booter.ForkedBooter.runSuitesInProcess(ForkedBooter.java:345)
at org.apache.maven.surefire.booter.ForkedBooter.execute(ForkedBooter.java:126)
at org.apache.maven.surefire.booter.ForkedBooter.main(ForkedBooter.java:418)
]]>
    </failure>
  </testcase> <!-- test03_verifyAboutAtidText -->
  <system-out/>
  <testcase classname="sanity.ShopDemo" name="test02_SearchForKeywordAndVerifyProductsCount" time="4.498"/>
  <system-out/>
  <testcase classname="sanity.ShopDemo" name="test01_verifySearchForSpecificProduct" time="6.122"/>
  <system-out/>
  <testcase classname="sanity.ShopDemo" name="test06_verifyDetailsOfProductAddedToCart" time="17.725"/>
  <system-out/>
</testsuite> <!-- sanity.ShopDemo -->
